Library/Bee/Android/Prj/Mono2x/Gradle/launcher/build/intermediates/manifest_merge_blame_file/release/manifest-merger-blame-release-report.txt
1<?xml version="1.0" encoding="utf-8"?>
2<manifest xmlns:android="http://schemas.android.com/apk/res/android"
3    package="com.ARPIN.ARPIN"
4    android:installLocation="preferExternal"
5    android:versionCode="1"
6    android:versionName="0.1" >
7
8    <uses-sdk
9        android:minSdkVersion="26"
9-->src\main\AndroidManifest.xml
10        android:targetSdkVersion="32" />
10-->src\main\AndroidManifest.xml
11
12    <supports-screens
12-->src\main\AndroidManifest.xml:4:3-163
13        android:anyDensity="true"
13-->src\main\AndroidManifest.xml:4:135-160
14        android:largeScreens="true"
14-->src\main\AndroidManifest.xml:4:78-105
15        android:normalScreens="true"
15-->src\main\AndroidManifest.xml:4:49-77
16        android:smallScreens="true"
16-->src\main\AndroidManifest.xml:4:21-48
17        android:xlargeScreens="true" />
17-->src\main\AndroidManifest.xml:4:106-134
18
19    <uses-permission android:name="android.permission.INTERNET" />
19-->[:unityLibrary] AndroidManifest.xml:10:5-67
19-->[:unityLibrary] AndroidManifest.xml:10:22-64
20
21    <uses-feature android:glEsVersion="0x00030000" />
21-->[:unityLibrary] AndroidManifest.xml:12:5-54
21-->[:unityLibrary] AndroidManifest.xml:12:19-51
22    <uses-feature
22-->[:unityLibrary] AndroidManifest.xml:13:5-15:36
23        android:name="android.hardware.touchscreen"
23-->[:unityLibrary] AndroidManifest.xml:14:9-52
24        android:required="false" />
24-->[:unityLibrary] AndroidManifest.xml:15:9-33
25    <uses-feature
25-->[:unityLibrary] AndroidManifest.xml:16:5-18:36
26        android:name="android.hardware.touchscreen.multitouch"
26-->[:unityLibrary] AndroidManifest.xml:17:9-63
27        android:required="false" />
27-->[:unityLibrary] AndroidManifest.xml:18:9-33
28    <uses-feature
28-->[:unityLibrary] AndroidManifest.xml:19:5-21:36
29        android:name="android.hardware.touchscreen.multitouch.distinct"
29-->[:unityLibrary] AndroidManifest.xml:20:9-72
30        android:required="false" />
30-->[:unityLibrary] AndroidManifest.xml:21:9-33
31
32    <uses-permission android:name="android.permission.CAMERA" />
32-->[:unityLibrary] AndroidManifest.xml:23:5-65
32-->[:unityLibrary] AndroidManifest.xml:23:22-62
33
34    <uses-feature
34-->[:unityLibrary] AndroidManifest.xml:25:5-27:35
35        android:name="android.hardware.camera.ar"
35-->[:unityLibrary] AndroidManifest.xml:26:9-50
36        android:required="true" />
36-->[:unityLibrary] AndroidManifest.xml:27:9-32
37    <uses-feature
37-->[:unityLibrary] AndroidManifest.xml:28:5-30:35
38        android:name="com.google.ar.core.depth"
38-->[:unityLibrary] AndroidManifest.xml:29:9-48
39        android:required="true" />
39-->[:unityLibrary] AndroidManifest.xml:30:9-32
40
41    <queries>
41-->[:NativeShare:] AndroidManifest.xml:13:2-22:12
42        <intent>
42-->[:NativeShare:] AndroidManifest.xml:14:3-17:12
43            <action android:name="android.intent.action.SEND" />
43-->[:NativeShare:] AndroidManifest.xml:15:4-56
43-->[:NativeShare:] AndroidManifest.xml:15:12-53
44
45            <data android:mimeType="*/*" />
45-->[:NativeShare:] AndroidManifest.xml:16:4-35
45-->[:NativeShare:] AndroidManifest.xml:16:10-32
46        </intent>
47        <intent>
47-->[:NativeShare:] AndroidManifest.xml:18:3-21:12
48            <action android:name="android.intent.action.SEND_MULTIPLE" />
48-->[:NativeShare:] AndroidManifest.xml:19:4-65
48-->[:NativeShare:] AndroidManifest.xml:19:12-62
49
50            <data android:mimeType="*/*" />
50-->[:NativeShare:] AndroidManifest.xml:16:4-35
50-->[:NativeShare:] AndroidManifest.xml:16:10-32
51        </intent>
52
53        <package android:name="com.google.ar.core" />
53-->[:arcore_client:] AndroidManifest.xml:30:9-54
53-->[:arcore_client:] AndroidManifest.xml:30:18-51
54    </queries>
55
56    <application
56-->src\main\AndroidManifest.xml:3:3-83
57        android:extractNativeLibs="true"
57-->[:unityLibrary] AndroidManifest.xml:32:18-50
58        android:icon="@mipmap/app_icon"
58-->src\main\AndroidManifest.xml:3:49-80
59        android:label="@string/app_name" >
59-->src\main\AndroidManifest.xml:3:16-48
60        <meta-data
60-->[:unityLibrary] AndroidManifest.xml:33:9-35:33
61            android:name="unity.splash-mode"
61-->[:unityLibrary] AndroidManifest.xml:34:13-45
62            android:value="0" />
62-->[:unityLibrary] AndroidManifest.xml:35:13-30
63        <meta-data
63-->[:unityLibrary] AndroidManifest.xml:36:9-38:36
64            android:name="unity.splash-enable"
64-->[:unityLibrary] AndroidManifest.xml:37:13-47
65            android:value="True" />
65-->[:unityLibrary] AndroidManifest.xml:38:13-33
66        <meta-data
66-->[:unityLibrary] AndroidManifest.xml:39:9-41:36
67            android:name="unity.launch-fullscreen"
67-->[:unityLibrary] AndroidManifest.xml:40:13-51
68            android:value="True" />
68-->[:unityLibrary] AndroidManifest.xml:41:13-33
69        <meta-data
69-->[:unityLibrary] AndroidManifest.xml:42:9-44:37
70            android:name="unity.allow-resizable-window"
70-->[:unityLibrary] AndroidManifest.xml:43:13-56
71            android:value="False" />
71-->[:unityLibrary] AndroidManifest.xml:44:13-34
72        <meta-data
72-->[:unityLibrary] AndroidManifest.xml:45:9-47:50
73            android:name="notch.config"
73-->[:unityLibrary] AndroidManifest.xml:46:13-40
74            android:value="portrait|landscape" />
74-->[:unityLibrary] AndroidManifest.xml:47:13-47
75        <meta-data
75-->[:unityLibrary] AndroidManifest.xml:48:9-50:36
76            android:name="unity.auto-report-fully-drawn"
76-->[:unityLibrary] AndroidManifest.xml:49:13-57
77            android:value="true" />
77-->[:unityLibrary] AndroidManifest.xml:50:13-33
78
79        <activity
79-->[:unityLibrary] AndroidManifest.xml:52:9-73:20
80            android:name="com.unity3d.player.UnityPlayerActivity"
80-->[:unityLibrary] AndroidManifest.xml:53:13-66
81            android:configChanges="mcc|mnc|locale|touchscreen|keyboard|keyboardHidden|navigation|orientation|screenLayout|uiMode|screenSize|smallestScreenSize|fontScale|layoutDirection|density"
81-->[:unityLibrary] AndroidManifest.xml:54:13-194
82            android:exported="true"
82-->[:unityLibrary] AndroidManifest.xml:55:13-36
83            android:hardwareAccelerated="false"
83-->[:unityLibrary] AndroidManifest.xml:56:13-48
84            android:launchMode="singleTask"
84-->[:unityLibrary] AndroidManifest.xml:57:13-44
85            android:resizeableActivity="false"
85-->[:unityLibrary] AndroidManifest.xml:58:13-47
86            android:screenOrientation="fullUser"
86-->[:unityLibrary] AndroidManifest.xml:59:13-49
87            android:theme="@style/UnityThemeSelector" >
87-->[:unityLibrary] AndroidManifest.xml:60:13-54
88            <intent-filter>
88-->[:unityLibrary] AndroidManifest.xml:61:13-65:29
89                <category android:name="android.intent.category.LAUNCHER" />
89-->[:unityLibrary] AndroidManifest.xml:62:17-77
89-->[:unityLibrary] AndroidManifest.xml:62:27-74
90
91                <action android:name="android.intent.action.MAIN" />
91-->[:unityLibrary] AndroidManifest.xml:64:17-69
91-->[:unityLibrary] AndroidManifest.xml:64:25-66
92            </intent-filter>
93
94            <meta-data
94-->[:unityLibrary] AndroidManifest.xml:67:13-69:40
95                android:name="unityplayer.UnityActivity"
95-->[:unityLibrary] AndroidManifest.xml:68:17-57
96                android:value="true" />
96-->[:unityLibrary] AndroidManifest.xml:69:17-37
97            <meta-data
97-->[:unityLibrary] AndroidManifest.xml:70:13-72:40
98                android:name="notch_support"
98-->[:unityLibrary] AndroidManifest.xml:71:17-45
99                android:value="true" />
99-->[:unityLibrary] AndroidManifest.xml:72:17-37
100        </activity>
101
102        <meta-data
102-->[:unityLibrary] AndroidManifest.xml:75:9-77:36
103            android:name="unityplayer.SkipPermissionsDialog"
103-->[:unityLibrary] AndroidManifest.xml:76:13-61
104            android:value="true" />
104-->[:unityLibrary] AndroidManifest.xml:77:13-33
105        <meta-data
105-->[:unityLibrary] AndroidManifest.xml:78:9-80:40
106            android:name="com.google.ar.core"
106-->[:unityLibrary] AndroidManifest.xml:79:13-46
107            android:value="required" />
107-->[:unityLibrary] AndroidManifest.xml:80:13-37
108
109        <activity
109-->[:NativeShare:] AndroidManifest.xml:4:3-145
110            android:name="com.yasirkula.unity.NativeShareCustomShareDialogActivity"
110-->[:NativeShare:] AndroidManifest.xml:4:13-65
111            android:exported="false"
111-->[:NativeShare:] AndroidManifest.xml:4:118-142
112            android:theme="@style/Theme.NativeShareTransparent" />
112-->[:NativeShare:] AndroidManifest.xml:4:66-117
113
114        <receiver
114-->[:NativeShare:] AndroidManifest.xml:5:3-85
115            android:name="com.yasirkula.unity.NativeShareBroadcastListener"
115-->[:NativeShare:] AndroidManifest.xml:5:13-57
116            android:exported="false" />
116-->[:NativeShare:] AndroidManifest.xml:5:58-82
117
118        <provider
118-->[:NativeShare:] AndroidManifest.xml:6:3-10:42
119            android:name="com.yasirkula.unity.NativeShareContentProvider"
119-->[:NativeShare:] AndroidManifest.xml:7:5-66
120            android:authorities="com.ARPIN.ARPIN.NativeShareContentProvider"
120-->[:NativeShare:] AndroidManifest.xml:8:5-70
121            android:exported="false"
121-->[:NativeShare:] AndroidManifest.xml:9:5-29
122            android:grantUriPermissions="true" /> <!-- The minimal version code of ARCore APK required for an app using this SDK. -->
122-->[:NativeShare:] AndroidManifest.xml:10:5-39
123        <meta-data
123-->[:arcore_client:] AndroidManifest.xml:36:9-38:41
124            android:name="com.google.ar.core.min_apk_version"
124-->[:arcore_client:] AndroidManifest.xml:37:13-62
125            android:value="220920000" /> <!-- This activity is critical for installing ARCore when it is not already present. -->
125-->[:arcore_client:] AndroidManifest.xml:38:13-38
126        <activity
126-->[:arcore_client:] AndroidManifest.xml:40:9-46:80
127            android:name="com.google.ar.core.InstallActivity"
127-->[:arcore_client:] AndroidManifest.xml:41:13-62
128            android:configChanges="keyboardHidden|orientation|screenSize"
128-->[:arcore_client:] AndroidManifest.xml:42:13-74
129            android:excludeFromRecents="true"
129-->[:arcore_client:] AndroidManifest.xml:43:13-46
130            android:exported="false"
130-->[:arcore_client:] AndroidManifest.xml:44:13-37
131            android:launchMode="singleTop"
131-->[:arcore_client:] AndroidManifest.xml:45:13-43
132            android:theme="@android:style/Theme.Material.Light.Dialog.Alert" />
132-->[:arcore_client:] AndroidManifest.xml:46:13-77
133    </application>
134
135</manifest>